# JRE version: OpenJDK Runtime Environment (11.0.15) (build 11.0.15+0-b2043.56-9505619)
# Java VM: OpenJDK 64-Bit Server VM (11.0.15+0-b2043.56-9505619, mixed mode, tiered, compressed oops, g1 gc, windows-amd64)
Heap:
 garbage-first heap   total 131072K, used 82966K [0x0000000080000000, 0x0000000100000000)
  region size 1024K, 3 young (3072K), 2 survivors (2048K)
 Metaspace       used 95267K, capacity 97912K, committed 98096K, reserved 1134592K
  class space    used 12336K, capacity 13338K, committed 13440K, reserved 1048576K
GC Heap History (20 events):
Event: 164.525 GC heap before
{Heap before GC invocations=25 (full 0):
 garbage-first heap   total 131072K, used 106450K [0x0000000080000000, 0x0000000100000000)
  region size 1024K, 41 young (41984K), 6 survivors (6144K)
 Metaspace       used 87576K, capacity 89886K, committed 90160K, reserved 1126400K
  class space    used 11523K, capacity 12394K, committed 12416K, reserved 1048576K
}
Event: 164.551 GC heap after
{Heap after GC invocations=26 (full 0):
 garbage-first heap   total 131072K, used 75321K [0x0000000080000000, 0x0000000100000000)
  region size 1024K, 4 young (4096K), 4 survivors (4096K)
 Metaspace       used 87576K, capacity 89886K, committed 90160K, reserved 1126400K
  class space    used 11523K, capacity 12394K, committed 12416K, reserved 1048576K
}
Event: 174.578 GC heap before
{Heap before GC invocations=26 (full 0):
 garbage-first heap   total 131072K, used 107065K [0x0000000080000000, 0x0000000100000000)
  region size 1024K, 36 young (36864K), 4 survivors (4096K)
 Metaspace       used 87858K, capacity 90225K, committed 90544K, reserved 1128448K
  class space    used 11529K, capacity 12435K, committed 12544K, reserved 1048576K
}
Event: 174.588 GC heap after
{Heap after GC invocations=27 (full 0):
 garbage-first heap   total 131072K, used 77328K [0x0000000080000000, 0x0000000100000000)
  region size 1024K, 2 young (2048K), 2 survivors (2048K)
 Metaspace       used 87858K, capacity 90225K, committed 90544K, reserved 1128448K
  class space    used 11529K, capacity 12435K, committed 12544K, reserved 1048576K
}
Event: 179.435 GC heap before
{Heap before GC invocations=28 (full 0):
 garbage-first heap   total 131072K, used 97808K [0x0000000080000000, 0x0000000100000000)
  region size 1024K, 24 young (24576K), 2 survivors (2048K)
 Metaspace       used 89586K, capacity 92055K, committed 92208K, reserved 1128448K
  class space    used 11708K, capacity 12652K, committed 12672K, reserved 1048576K
}
Event: 179.445 GC heap after
{Heap after GC invocations=29 (full 0):
 garbage-first heap   total 131072K, used 78500K [0x0000000080000000, 0x0000000100000000)
  region size 1024K, 4 young (4096K), 4 survivors (4096K)
 Metaspace       used 89586K, capacity 92055K, committed 92208K, reserved 1128448K
  class space    used 11708K, capacity 12652K, committed 12672K, reserved 1048576K
}
Event: 181.604 GC heap before
{Heap before GC invocations=30 (full 0):
 garbage-first heap   total 131072K, used 107172K [0x0000000080000000, 0x0000000100000000)
  region size 1024K, 31 young (31744K), 4 survivors (4096K)
 Metaspace       used 91774K, capacity 94251K, committed 94512K, reserved 1130496K
  class space    used 11976K, capacity 12894K, committed 12928K, reserved 1048576K
}
Event: 181.634 GC heap after
{Heap after GC invocations=31 (full 0):
 garbage-first heap   total 131072K, used 92591K [0x0000000080000000, 0x0000000100000000)
  region size 1024K, 4 young (4096K), 4 survivors (4096K)
 Metaspace       used 91774K, capacity 94251K, committed 94512K, reserved 1130496K
  class space    used 11976K, capacity 12894K, committed 12928K, reserved 1048576K
}
Event: 182.519 GC heap before
{Heap before GC invocations=31 (full 0):
 garbage-first heap   total 131072K, used 105903K [0x0000000080000000, 0x0000000100000000)
  region size 1024K, 17 young (17408K), 4 survivors (4096K)
 Metaspace       used 92179K, capacity 94683K, committed 94896K, reserved 1130496K
  class space    used 12020K, capacity 12972K, committed 13056K, reserved 1048576K
}
Event: 182.534 GC heap after
{Heap after GC invocations=32 (full 0):
 garbage-first heap   total 131072K, used 94958K [0x0000000080000000, 0x0000000100000000)
  region size 1024K, 2 young (2048K), 2 survivors (2048K)
 Metaspace       used 92179K, capacity 94683K, committed 94896K, reserved 1130496K
  class space    used 12020K, capacity 12972K, committed 13056K, reserved 1048576K
}
Event: 183.095 GC heap before
{Heap before GC invocations=33 (full 0):
 garbage-first heap   total 131072K, used 111342K [0x0000000080000000, 0x0000000100000000)
  region size 1024K, 13 young (13312K), 2 survivors (2048K)
 Metaspace       used 92248K, capacity 94747K, committed 94896K, reserved 1130496K
  class space    used 12020K, capacity 12972K, committed 13056K, reserved 1048576K
}
Event: 183.116 GC heap after
{Heap after GC invocations=34 (full 0):
 garbage-first heap   total 131072K, used 106496K [0x0000000080000000, 0x0000000100000000)
  region size 1024K, 2 young (2048K), 2 survivors (2048K)
 Metaspace       used 92248K, capacity 94747K, committed 94896K, reserved 1130496K
  class space    used 12020K, capacity 12972K, committed 13056K, reserved 1048576K
}
Event: 183.597 GC heap before
{Heap before GC invocations=35 (full 0):
 garbage-first heap   total 131072K, used 121856K [0x0000000080000000, 0x0000000100000000)
  region size 1024K, 7 young (7168K), 2 survivors (2048K)
 Metaspace       used 92799K, capacity 95339K, committed 95408K, reserved 1132544K
  class space    used 12090K, capacity 13054K, committed 13056K, reserved 1048576K
}
Event: 183.611 GC heap after
{Heap after GC invocations=36 (full 0):
 garbage-first heap   total 131072K, used 107730K [0x0000000080000000, 0x0000000100000000)
  region size 1024K, 1 young (1024K), 1 survivors (1024K)
 Metaspace       used 92799K, capacity 95339K, committed 95408K, reserved 1132544K
  class space    used 12090K, capacity 13054K, committed 13056K, reserved 1048576K
}
Event: 188.309 GC heap before
{Heap before GC invocations=36 (full 0):
 garbage-first heap   total 131072K, used 111826K [0x0000000080000000, 0x0000000100000000)
  region size 1024K, 6 young (6144K), 1 survivors (1024K)
 Metaspace       used 93579K, capacity 96192K, committed 96304K, reserved 1132544K
  class space    used 12164K, capacity 13102K, committed 13184K, reserved 1048576K
}
Event: 188.312 GC heap after
{Heap after GC invocations=37 (full 0):
 garbage-first heap   total 131072K, used 107709K [0x0000000080000000, 0x0000000100000000)
  region size 1024K, 1 young (1024K), 1 survivors (1024K)
 Metaspace       used 93579K, capacity 96192K, committed 96304K, reserved 1132544K
  class space    used 12164K, capacity 13102K, committed 13184K, reserved 1048576K
}
Event: 192.680 GC heap before
{Heap before GC invocations=38 (full 0):
 garbage-first heap   total 131072K, used 93773K [0x0000000080000000, 0x0000000100000000)
  region size 1024K, 6 young (6144K), 1 survivors (1024K)
 Metaspace       used 94124K, capacity 96715K, committed 96944K, reserved 1132544K
  class space    used 12210K, capacity 13185K, committed 13312K, reserved 1048576K
}
Event: 192.685 GC heap after
{Heap after GC invocations=39 (full 0):
 garbage-first heap   total 131072K, used 88892K [0x0000000080000000, 0x0000000100000000)
  region size 1024K, 1 young (1024K), 1 survivors (1024K)
 Metaspace       used 94124K, capacity 96715K, committed 96944K, reserved 1132544K
  class space    used 12210K, capacity 13185K, committed 13312K, reserved 1048576K
}
Event: 195.857 GC heap before
{Heap before GC invocations=39 (full 0):
 garbage-first heap   total 131072K, used 94012K [0x0000000080000000, 0x0000000100000000)
  region size 1024K, 6 young (6144K), 1 survivors (1024K)
 Metaspace       used 94714K, capacity 97338K, committed 97456K, reserved 1134592K
  class space    used 12292K, capacity 13282K, committed 13312K, reserved 1048576K
}
Event: 195.862 GC heap after
{Heap after GC invocations=40 (full 0):
 garbage-first heap   total 131072K, used 82259K [0x0000000080000000, 0x0000000100000000)
  region size 1024K, 1 young (1024K), 1 survivors (1024K)
 Metaspace       used 94714K, capacity 97338K, committed 97456K, reserved 1134592K
  class space    used 12292K, capacity 13282K, committed 13312K, reserved 1048576K
}

